2021-10-01 20:44:11,998 INFO     errbot.bootstrap          Found Storage plugin: Shelf.
2021-10-01 20:44:12,012 INFO     errbot.bootstrap          Found Backend plugin: Text
2021-10-01 20:44:12,012 DEBUG    errbot.storage            Opening storage 'repomgr'
2021-10-01 20:44:12,012 DEBUG    errbot.storage.shelf      Open shelf storage /Users/japskua/Projects/py-masa/data/repomgr.db
2021-10-01 20:44:12,170 DEBUG    errbot.core               ErrBot init.
2021-10-01 20:44:12,170 DEBUG    errbot.backends.base      Backend init.
2021-10-01 20:44:12,207 DEBUG    errbot.core               created a thread pool of size 10.
2021-10-01 20:44:12,209 DEBUG    errbot.backends.text      Text Backend Init.
2021-10-01 20:44:12,209 DEBUG    errbot.backends.text      Bot username set at @errbot.
2021-10-01 20:44:12,213 DEBUG    MARKDOWN                  Successfully loaded extension "markdown.extensions.fenced_code.FencedCodeExtension".
2021-10-01 20:44:12,214 DEBUG    MARKDOWN                  Successfully loaded extension "markdown.extensions.footnotes.FootnoteExtension".
2021-10-01 20:44:12,215 DEBUG    MARKDOWN                  Successfully loaded extension "markdown.extensions.attr_list.AttrListExtension".
2021-10-01 20:44:12,233 DEBUG    MARKDOWN                  Successfully loaded extension "markdown.extensions.def_list.DefListExtension".
2021-10-01 20:44:12,234 DEBUG    MARKDOWN                  Successfully loaded extension "markdown.extensions.tables.TableExtension".
2021-10-01 20:44:12,235 DEBUG    MARKDOWN                  Successfully loaded extension "markdown.extensions.abbr.AbbrExtension".
2021-10-01 20:44:12,237 DEBUG    MARKDOWN                  Successfully loaded extension "markdown.extensions.md_in_html.MarkdownInHtmlExtension".
2021-10-01 20:44:12,237 DEBUG    MARKDOWN                  Successfully loaded extension "markdown.extensions.extra.ExtraExtension".
2021-10-01 20:44:12,237 DEBUG    MARKDOWN                  Successfully loaded extension "errbot.rendering.ansiext.AnsiExtension".
2021-10-01 20:44:12,256 DEBUG    errbot.storage            Opening storage 'core'
2021-10-01 20:44:12,257 DEBUG    errbot.storage.shelf      Open shelf storage /Users/japskua/Projects/py-masa/data/core.db
2021-10-01 20:44:12,258 DEBUG    errbot.core               Initializing backend storage
2021-10-01 20:44:12,258 DEBUG    errbot.storage            Opening storage 'text_backend'
2021-10-01 20:44:12,258 DEBUG    errbot.storage.shelf      Open shelf storage /Users/japskua/Projects/py-masa/data/text_backend.db
2021-10-01 20:44:12,264 DEBUG    errbot.plugin_manager     New entries added to sys.path:
2021-10-01 20:44:12,264 DEBUG    errbot.plugin_manager     /Users/japskua/Projects/py-masa/venv/lib/python3.8/site-packages/errbot/core_plugins
2021-10-01 20:44:12,264 DEBUG    errbot.plugin_manager     /Users/japskua/Projects/py-masa/plugins/err-example
2021-10-01 20:44:12,283 DEBUG    errbot.plugins.ACLs       Logger for plugin initialized...
2021-10-01 20:44:12,287 DEBUG    errbot.plugins.Flows      Logger for plugin initialized...
2021-10-01 20:44:12,289 DEBUG    errbot.plugins.CommandNotFoundFilter Logger for plugin initialized...
2021-10-01 20:44:12,294 DEBUG    errbot.plugins.Health     Logger for plugin initialized...
2021-10-01 20:44:12,295 DEBUG    errbot.plugins.Backup     Logger for plugin initialized...
2021-10-01 20:44:13,082 INFO     errbot                    webhooks:  Flag to bind /echo to echo
2021-10-01 20:44:13,083 DEBUG    errbot.plugins.Webserver  Logger for plugin initialized...
2021-10-01 20:44:13,085 DEBUG    errbot.plugins.TextCmds   Logger for plugin initialized...
2021-10-01 20:44:13,200 DEBUG    errbot.plugins.VersionChecker Logger for plugin initialized...
2021-10-01 20:44:13,202 DEBUG    errbot.plugins.Plugins    Logger for plugin initialized...
2021-10-01 20:44:13,204 DEBUG    errbot.plugins.Help       Logger for plugin initialized...
2021-10-01 20:44:13,206 DEBUG    errbot.plugins.ChatRoom   Logger for plugin initialized...
2021-10-01 20:44:13,208 DEBUG    errbot.plugins.Utils      Logger for plugin initialized...
2021-10-01 20:44:13,213 DEBUG    errbot.plugins.Example    Logger for plugin initialized...
2021-10-01 20:44:13,230 DEBUG    errbot.bootstrap          Start serving commands from the text backend.
2021-10-01 20:44:13,235 INFO     errbot.core               Activate internal commands
2021-10-01 20:44:13,235 INFO     errbot.plugin_manager     Activate bot plugins...
2021-10-01 20:44:13,235 INFO     errbot.plugin_manager     Activate plugin: ACLs.
2021-10-01 20:44:13,236 DEBUG    errbot.templating         Templates directory found for this plugin [/Users/japskua/Projects/py-masa/venv/lib/python3.8/site-packages/errbot/core_plugins/templates]
2021-10-01 20:44:13,236 DEBUG    errbot.botplugin          Init storage for ACLs.
2021-10-01 20:44:13,236 DEBUG    errbot.storage            Opening storage 'ACLs'
2021-10-01 20:44:13,236 DEBUG    errbot.storage.shelf      Open shelf storage /Users/japskua/Projects/py-masa/data/ACLs.db
2021-10-01 20:44:13,237 DEBUG    errbot.core               Adding command filter: acls
2021-10-01 20:44:13,237 INFO     errbot.core_plugins.wsview Checking ACLS for webhooks
2021-10-01 20:44:13,238 INFO     errbot.plugin_manager     Activate plugin: Flows.
2021-10-01 20:44:13,238 DEBUG    errbot.templating         Templates directory found for this plugin [/Users/japskua/Projects/py-masa/venv/lib/python3.8/site-packages/errbot/core_plugins/templates]
2021-10-01 20:44:13,238 DEBUG    errbot.botplugin          Init storage for Flows.
2021-10-01 20:44:13,238 DEBUG    errbot.storage            Opening storage 'Flows'
2021-10-01 20:44:13,238 DEBUG    errbot.storage.shelf      Open shelf storage /Users/japskua/Projects/py-masa/data/Flows.db
2021-10-01 20:44:13,239 DEBUG    errbot.core               Adding command : flows_kill -> flows_kill.
2021-10-01 20:44:13,239 DEBUG    errbot.core               Adding command : flows_list -> flows_list.
2021-10-01 20:44:13,239 DEBUG    errbot.core               Adding command : flows_show -> flows_show.
2021-10-01 20:44:13,239 DEBUG    errbot.core               Adding command : flows_start -> flows_start.
2021-10-01 20:44:13,239 DEBUG    errbot.core               Adding command : flows_status -> flows_status.
2021-10-01 20:44:13,239 DEBUG    errbot.core               Adding command : flows_stop -> flows_stop.
2021-10-01 20:44:13,239 INFO     errbot.core_plugins.wsview Checking Flows for webhooks
2021-10-01 20:44:13,240 INFO     errbot.plugin_manager     Activate plugin: CommandNotFoundFilter.
2021-10-01 20:44:13,240 DEBUG    errbot.templating         Templates directory found for this plugin [/Users/japskua/Projects/py-masa/venv/lib/python3.8/site-packages/errbot/core_plugins/templates]
2021-10-01 20:44:13,240 DEBUG    errbot.botplugin          Init storage for CommandNotFoundFilter.
2021-10-01 20:44:13,240 DEBUG    errbot.storage            Opening storage 'CommandNotFoundFilter'
2021-10-01 20:44:13,240 DEBUG    errbot.storage.shelf      Open shelf storage /Users/japskua/Projects/py-masa/data/CommandNotFoundFilter.db
2021-10-01 20:44:13,241 DEBUG    errbot.core               Adding command filter: cnf_filter
2021-10-01 20:44:13,241 INFO     errbot.core_plugins.wsview Checking CommandNotFoundFilter for webhooks
2021-10-01 20:44:13,242 INFO     errbot.plugin_manager     Activate plugin: Health.
2021-10-01 20:44:13,242 DEBUG    errbot.templating         Templates directory found for this plugin [/Users/japskua/Projects/py-masa/venv/lib/python3.8/site-packages/errbot/core_plugins/templates]
2021-10-01 20:44:13,242 DEBUG    errbot.botplugin          Init storage for Health.
2021-10-01 20:44:13,242 DEBUG    errbot.storage            Opening storage 'Health'
2021-10-01 20:44:13,242 DEBUG    errbot.storage.shelf      Open shelf storage /Users/japskua/Projects/py-masa/data/Health.db
2021-10-01 20:44:13,243 DEBUG    errbot.core               Adding command : restart -> restart.
2021-10-01 20:44:13,243 DEBUG    errbot.core               Adding command : shutdown -> shutdown.
2021-10-01 20:44:13,243 DEBUG    errbot.core               Adding command : status -> status.
2021-10-01 20:44:13,243 DEBUG    errbot.core               Adding command : status_gc -> status_gc.
2021-10-01 20:44:13,243 DEBUG    errbot.core               Adding command : status_load -> status_load.
2021-10-01 20:44:13,243 DEBUG    errbot.core               Adding command : status_plugins -> status_plugins.
2021-10-01 20:44:13,243 DEBUG    errbot.core               Adding command : uptime -> uptime.
2021-10-01 20:44:13,244 INFO     errbot.core_plugins.wsview Checking Health for webhooks
2021-10-01 20:44:13,244 INFO     errbot.plugin_manager     Activate plugin: Backup.
2021-10-01 20:44:13,244 DEBUG    errbot.templating         Templates directory found for this plugin [/Users/japskua/Projects/py-masa/venv/lib/python3.8/site-packages/errbot/core_plugins/templates]
2021-10-01 20:44:13,244 DEBUG    errbot.botplugin          Init storage for Backup.
2021-10-01 20:44:13,244 DEBUG    errbot.storage            Opening storage 'Backup'
2021-10-01 20:44:13,244 DEBUG    errbot.storage.shelf      Open shelf storage /Users/japskua/Projects/py-masa/data/Backup.db
2021-10-01 20:44:13,245 DEBUG    errbot.core               Adding command : backup -> backup.
2021-10-01 20:44:13,245 INFO     errbot.core_plugins.wsview Checking Backup for webhooks
2021-10-01 20:44:13,245 INFO     errbot.plugin_manager     Activate plugin: Webserver.
2021-10-01 20:44:13,246 DEBUG    errbot.templating         Templates directory found for this plugin [/Users/japskua/Projects/py-masa/venv/lib/python3.8/site-packages/errbot/core_plugins/templates]
2021-10-01 20:44:13,246 INFO     errbot.plugins.Webserver  Webserver is not configured. Forbid activation
2021-10-01 20:44:13,246 INFO     errbot.core_plugins.wsview Checking Webserver for webhooks
2021-10-01 20:44:13,246 INFO     errbot.core_plugins.wsview Webhook routing echo
2021-10-01 20:44:13,247 INFO     errbot.plugin_manager     Activate plugin: TextCmds.
2021-10-01 20:44:13,247 DEBUG    errbot.templating         Templates directory found for this plugin [/Users/japskua/Projects/py-masa/venv/lib/python3.8/site-packages/errbot/core_plugins/templates]
2021-10-01 20:44:13,247 DEBUG    errbot.botplugin          Init storage for TextCmds.
2021-10-01 20:44:13,247 DEBUG    errbot.storage            Opening storage 'TextCmds'
2021-10-01 20:44:13,247 DEBUG    errbot.storage.shelf      Open shelf storage /Users/japskua/Projects/py-masa/data/TextCmds.db
2021-10-01 20:44:13,248 DEBUG    errbot.core               Adding command : asadmin -> asadmin.
2021-10-01 20:44:13,248 DEBUG    errbot.core               Adding command : asuser -> asuser.
2021-10-01 20:44:13,248 DEBUG    errbot.core               Adding command : inperson -> inperson.
2021-10-01 20:44:13,248 DEBUG    errbot.core               Adding command : inroom -> inroom.
2021-10-01 20:44:13,248 DEBUG    errbot.core               Adding command : ml -> ml.
2021-10-01 20:44:13,249 INFO     errbot.core_plugins.wsview Checking TextModeCmds for webhooks
2021-10-01 20:44:13,249 INFO     errbot.plugin_manager     Activate plugin: VersionChecker.
2021-10-01 20:44:13,249 DEBUG    errbot.templating         Templates directory found for this plugin [/Users/japskua/Projects/py-masa/venv/lib/python3.8/site-packages/errbot/core_plugins/templates]
2021-10-01 20:44:13,249 INFO     errbot.plugins.VersionChecker Skip version checking under text mode.
2021-10-01 20:44:13,249 INFO     errbot.core_plugins.wsview Checking VersionChecker for webhooks
2021-10-01 20:44:13,250 INFO     errbot.plugin_manager     Activate plugin: Plugins.
2021-10-01 20:44:13,250 DEBUG    errbot.templating         Templates directory found for this plugin [/Users/japskua/Projects/py-masa/venv/lib/python3.8/site-packages/errbot/core_plugins/templates]
2021-10-01 20:44:13,250 DEBUG    errbot.botplugin          Init storage for Plugins.
2021-10-01 20:44:13,250 DEBUG    errbot.storage            Opening storage 'Plugins'
2021-10-01 20:44:13,250 DEBUG    errbot.storage.shelf      Open shelf storage /Users/japskua/Projects/py-masa/data/Plugins.db
2021-10-01 20:44:13,251 DEBUG    errbot.core               Adding command : plugin_activate -> plugin_activate.
2021-10-01 20:44:13,251 DEBUG    errbot.core               Adding command : plugin_blacklist -> plugin_blacklist.
2021-10-01 20:44:13,251 DEBUG    errbot.core               Adding command : plugin_config -> plugin_config.
2021-10-01 20:44:13,251 DEBUG    errbot.core               Adding command : plugin_deactivate -> plugin_deactivate.
2021-10-01 20:44:13,251 DEBUG    errbot.core               Adding command : plugin_info -> plugin_info.
2021-10-01 20:44:13,251 DEBUG    errbot.core               Adding command : plugin_reload -> plugin_reload.
2021-10-01 20:44:13,251 DEBUG    errbot.core               Adding command : plugin_unblacklist -> plugin_unblacklist.
2021-10-01 20:44:13,251 DEBUG    errbot.core               Adding command : repos -> repos.
2021-10-01 20:44:13,251 DEBUG    errbot.core               Adding command : repos_install -> repos_install.
2021-10-01 20:44:13,251 DEBUG    errbot.core               Adding command : repos_search -> repos_search.
2021-10-01 20:44:13,251 DEBUG    errbot.core               Adding command : repos_uninstall -> repos_uninstall.
2021-10-01 20:44:13,251 DEBUG    errbot.core               Adding command : repos_update -> repos_update.
2021-10-01 20:44:13,252 INFO     errbot.core_plugins.wsview Checking Plugins for webhooks
2021-10-01 20:44:13,252 INFO     errbot.plugin_manager     Activate plugin: Help.
2021-10-01 20:44:13,252 DEBUG    errbot.templating         Templates directory found for this plugin [/Users/japskua/Projects/py-masa/venv/lib/python3.8/site-packages/errbot/core_plugins/templates]
2021-10-01 20:44:13,252 DEBUG    errbot.botplugin          Init storage for Help.
2021-10-01 20:44:13,252 DEBUG    errbot.storage            Opening storage 'Help'
2021-10-01 20:44:13,252 DEBUG    errbot.storage.shelf      Open shelf storage /Users/japskua/Projects/py-masa/data/Help.db
2021-10-01 20:44:13,253 DEBUG    errbot.core               Adding command : about -> about.
2021-10-01 20:44:13,253 DEBUG    errbot.core               Adding command : apropos -> apropos.
2021-10-01 20:44:13,253 DEBUG    errbot.core               Adding command : help -> help.
2021-10-01 20:44:13,254 INFO     errbot.core_plugins.wsview Checking Help for webhooks
2021-10-01 20:44:13,254 INFO     errbot.plugin_manager     Activate plugin: ChatRoom.
2021-10-01 20:44:13,254 DEBUG    errbot.templating         Templates directory found for this plugin [/Users/japskua/Projects/py-masa/venv/lib/python3.8/site-packages/errbot/core_plugins/templates]
2021-10-01 20:44:13,254 DEBUG    errbot.botplugin          Init storage for ChatRoom.
2021-10-01 20:44:13,254 DEBUG    errbot.storage            Opening storage 'ChatRoom'
2021-10-01 20:44:13,254 DEBUG    errbot.storage.shelf      Open shelf storage /Users/japskua/Projects/py-masa/data/ChatRoom.db
2021-10-01 20:44:13,255 DEBUG    errbot.core               Adding command : room_create -> room_create.
2021-10-01 20:44:13,255 DEBUG    errbot.core               Adding command : room_destroy -> room_destroy.
2021-10-01 20:44:13,255 DEBUG    errbot.core               Adding command : room_invite -> room_invite.
2021-10-01 20:44:13,255 DEBUG    errbot.core               Adding command : room_join -> room_join.
2021-10-01 20:44:13,255 DEBUG    errbot.core               Adding command : room_leave -> room_leave.
2021-10-01 20:44:13,255 DEBUG    errbot.core               Adding command : room_list -> room_list.
2021-10-01 20:44:13,255 DEBUG    errbot.core               Adding command : room_occupants -> room_occupants.
2021-10-01 20:44:13,256 DEBUG    errbot.core               Adding command : room_topic -> room_topic.
2021-10-01 20:44:13,256 INFO     errbot.core_plugins.wsview Checking ChatRoom for webhooks
2021-10-01 20:44:13,256 INFO     errbot.plugins.ChatRoom   Connecting bot chatrooms
2021-10-01 20:44:13,256 INFO     errbot.plugin_manager     Activate plugin: Utils.
2021-10-01 20:44:13,256 DEBUG    errbot.templating         Templates directory found for this plugin [/Users/japskua/Projects/py-masa/venv/lib/python3.8/site-packages/errbot/core_plugins/templates]
2021-10-01 20:44:13,256 DEBUG    errbot.botplugin          Init storage for Utils.
2021-10-01 20:44:13,256 DEBUG    errbot.storage            Opening storage 'Utils'
2021-10-01 20:44:13,257 DEBUG    errbot.storage.shelf      Open shelf storage /Users/japskua/Projects/py-masa/data/Utils.db
2021-10-01 20:44:13,257 DEBUG    errbot.core               Adding command : echo -> echo.
2021-10-01 20:44:13,257 DEBUG    errbot.core               Adding command : history -> history.
2021-10-01 20:44:13,258 DEBUG    errbot.core               Adding command : log_tail -> log_tail.
2021-10-01 20:44:13,258 DEBUG    errbot.core               Adding command : render_test -> render_test.
2021-10-01 20:44:13,258 DEBUG    errbot.core               Adding command : whoami -> whoami.
2021-10-01 20:44:13,258 INFO     errbot.core_plugins.wsview Checking Utils for webhooks
2021-10-01 20:44:13,258 INFO     errbot.plugin_manager     Activate plugin: Example.
2021-10-01 20:44:13,258 DEBUG    errbot.templating         No templates directory found for this plugin [Looking for /Users/japskua/Projects/py-masa/plugins/err-example/templates]
2021-10-01 20:44:13,258 DEBUG    errbot.botplugin          Init storage for Example.
2021-10-01 20:44:13,258 DEBUG    errbot.storage            Opening storage 'Example'
2021-10-01 20:44:13,258 DEBUG    errbot.storage.shelf      Open shelf storage /Users/japskua/Projects/py-masa/data/Example.db
2021-10-01 20:44:13,259 DEBUG    errbot.core               Adding command : tryme -> tryme.
2021-10-01 20:44:13,260 INFO     errbot.core_plugins.wsview Checking Example for webhooks
2021-10-01 20:44:13,260 DEBUG    errbot.plugin_manager     Activate flow plugins ...
2021-10-01 20:44:13,260 INFO     errbot.core               Notifying connection to all the plugins...
2021-10-01 20:44:13,260 DEBUG    errbot.core               Trigger callback_connect on ACLS.
2021-10-01 20:44:13,260 DEBUG    errbot.core               Trigger callback_connect on Flows.
2021-10-01 20:44:13,260 DEBUG    errbot.core               Trigger callback_connect on CommandNotFoundFilter.
2021-10-01 20:44:13,260 DEBUG    errbot.core               Trigger callback_connect on Health.
2021-10-01 20:44:13,260 DEBUG    errbot.core               Trigger callback_connect on Backup.
2021-10-01 20:44:13,260 DEBUG    errbot.core               Trigger callback_connect on TextModeCmds.
2021-10-01 20:44:13,260 DEBUG    errbot.core               Trigger callback_connect on Plugins.
2021-10-01 20:44:13,260 DEBUG    errbot.core               Trigger callback_connect on Help.
2021-10-01 20:44:13,260 DEBUG    errbot.core               Trigger callback_connect on ChatRoom.
2021-10-01 20:44:13,260 INFO     errbot.plugins.ChatRoom   Connecting bot chatrooms
2021-10-01 20:44:13,260 DEBUG    errbot.core               Trigger callback_connect on Utils.
2021-10-01 20:44:13,260 DEBUG    errbot.core               Trigger callback_connect on Example.
2021-10-01 20:44:13,261 INFO     errbot.core               Plugin activation done.
2021-10-01 20:44:13,261 DEBUG    errbot.core               Triggering callback_presence on ACLs.
2021-10-01 20:44:13,261 DEBUG    errbot.core               Triggering callback_presence on Flows.
2021-10-01 20:44:13,261 DEBUG    errbot.core               Triggering callback_presence on CommandNotFoundFilter.
2021-10-01 20:44:13,261 DEBUG    errbot.core               Triggering callback_presence on Health.
2021-10-01 20:44:13,261 DEBUG    errbot.core               Triggering callback_presence on Backup.
2021-10-01 20:44:13,261 DEBUG    errbot.core               Triggering callback_presence on TextCmds.
2021-10-01 20:44:13,261 DEBUG    errbot.core               Triggering callback_presence on Plugins.
2021-10-01 20:44:13,261 DEBUG    errbot.core               Triggering callback_presence on Help.
2021-10-01 20:44:13,261 DEBUG    errbot.core               Triggering callback_presence on ChatRoom.
2021-10-01 20:44:13,261 DEBUG    errbot.core               Triggering callback_presence on Utils.
2021-10-01 20:44:13,261 DEBUG    errbot.core               Triggering callback_presence on Example.
2021-10-01 20:44:18,008 DEBUG    errbot.core               *** frm = @CHANGE_ME
2021-10-01 20:44:18,008 DEBUG    errbot.core               *** username = CHANGE_ME
2021-10-01 20:44:18,009 DEBUG    errbot.core               *** text = !tryme
2021-10-01 20:44:18,009 DEBUG    errbot.plugins.ACLs       Check tryme for ACLs.
2021-10-01 20:44:18,009 INFO     errbot.plugins.ACLs       Matching ACL {} against username @CHANGE_ME for command Example:tryme.
2021-10-01 20:44:18,009 DEBUG    errbot.plugins.ACLs       Check if tryme is admin only command.
2021-10-01 20:44:18,009 INFO     errbot.core               Processing command "tryme" with parameters "" from @CHANGE_ME
2021-10-01 20:44:18,009 DEBUG    errbot.core               Triggering callback_message on ACLs.
2021-10-01 20:44:18,009 DEBUG    errbot.core               Triggering callback_message on Flows.
2021-10-01 20:44:18,009 DEBUG    errbot.core               Triggering callback_message on CommandNotFoundFilter.
2021-10-01 20:44:18,009 DEBUG    errbot.core               Triggering callback_message on Health.
2021-10-01 20:44:18,009 DEBUG    errbot.core               Triggering callback_message on Backup.
2021-10-01 20:44:18,010 DEBUG    errbot.core               Triggering callback_message on TextCmds.
2021-10-01 20:44:18,010 DEBUG    errbot.core               Triggering callback_message on Plugins.
2021-10-01 20:44:18,010 DEBUG    errbot.flow               Test if the command tryme is a trigger for an inflight flow ...
2021-10-01 20:44:18,010 DEBUG    errbot.core               Triggering callback_message on Help.
2021-10-01 20:44:18,010 DEBUG    errbot.flow               None matched.
2021-10-01 20:44:18,010 DEBUG    errbot.core               Triggering callback_message on ChatRoom.
2021-10-01 20:44:18,011 DEBUG    errbot.flow               Test if the command tryme is a trigger for an inflight flow ...
2021-10-01 20:44:18,011 DEBUG    errbot.core               Triggering callback_message on Utils.
2021-10-01 20:44:18,011 DEBUG    errbot.flow               None matched.
2021-10-01 20:44:18,011 DEBUG    errbot.core               Triggering callback_message on Example.
2021-10-01 20:44:18,011 DEBUG    errbot.flow               Test if the command tryme is an auto-trigger for any flow ...
2021-10-01 20:44:21,128 DEBUG    errbot.core               *** frm = @CHANGE_ME
2021-10-01 20:44:21,128 DEBUG    errbot.core               *** username = CHANGE_ME
2021-10-01 20:44:21,129 DEBUG    errbot.core               *** text = !quit
2021-10-01 20:44:21,129 DEBUG    errbot.core               Command not found
2021-10-01 20:44:21,129 DEBUG    errbot.core               Triggering callback_message on ACLs.
2021-10-01 20:44:21,129 DEBUG    errbot.core               Triggering callback_message on Flows.
2021-10-01 20:44:21,129 DEBUG    errbot.core               Triggering callback_message on CommandNotFoundFilter.
2021-10-01 20:44:21,130 DEBUG    errbot.core               Triggering callback_message on Health.
2021-10-01 20:44:21,130 DEBUG    errbot.core               Triggering callback_message on Backup.
2021-10-01 20:44:21,130 DEBUG    errbot.core               Triggering callback_message on TextCmds.
2021-10-01 20:44:21,130 DEBUG    errbot.core               Triggering callback_message on Plugins.
2021-10-01 20:44:21,130 DEBUG    errbot.core               Triggering callback_message on Help.
2021-10-01 20:44:21,130 DEBUG    errbot.core               Triggering callback_message on ChatRoom.
2021-10-01 20:44:21,130 DEBUG    errbot.core               Triggering callback_message on Utils.
2021-10-01 20:44:21,130 DEBUG    errbot.core               Triggering callback_message on Example.
2021-10-01 20:44:23,151 DEBUG    errbot.core               *** frm = @CHANGE_ME
2021-10-01 20:44:23,151 DEBUG    errbot.core               *** username = CHANGE_ME
2021-10-01 20:44:23,151 DEBUG    errbot.core               *** text = !exit
2021-10-01 20:44:23,151 DEBUG    errbot.core               Command not found
2021-10-01 20:44:23,152 DEBUG    errbot.core               Triggering callback_message on ACLs.
2021-10-01 20:44:23,152 DEBUG    errbot.core               Triggering callback_message on Flows.
2021-10-01 20:44:23,152 DEBUG    errbot.core               Triggering callback_message on CommandNotFoundFilter.
2021-10-01 20:44:23,152 DEBUG    errbot.core               Triggering callback_message on Health.
2021-10-01 20:44:23,152 DEBUG    errbot.core               Triggering callback_message on Backup.
2021-10-01 20:44:23,153 DEBUG    errbot.core               Triggering callback_message on TextCmds.
2021-10-01 20:44:23,153 DEBUG    errbot.core               Triggering callback_message on Plugins.
2021-10-01 20:44:23,153 DEBUG    errbot.core               Triggering callback_message on Help.
2021-10-01 20:44:23,153 DEBUG    errbot.core               Triggering callback_message on ChatRoom.
2021-10-01 20:44:23,153 DEBUG    errbot.core               Triggering callback_message on Utils.
2021-10-01 20:44:23,153 DEBUG    errbot.core               Triggering callback_message on Example.
2021-10-01 20:44:24,023 DEBUG    errbot.core               Triggering callback_presence on ACLs.
2021-10-01 20:44:24,023 DEBUG    errbot.core               Triggering callback_presence on Flows.
2021-10-01 20:44:24,023 DEBUG    errbot.core               Triggering callback_presence on CommandNotFoundFilter.
2021-10-01 20:44:24,023 DEBUG    errbot.core               Triggering callback_presence on Health.
2021-10-01 20:44:24,023 DEBUG    errbot.core               Triggering callback_presence on Backup.
2021-10-01 20:44:24,023 DEBUG    errbot.core               Triggering callback_presence on TextCmds.
2021-10-01 20:44:24,023 DEBUG    errbot.core               Triggering callback_presence on Plugins.
2021-10-01 20:44:24,024 DEBUG    errbot.core               Triggering callback_presence on Help.
2021-10-01 20:44:24,024 DEBUG    errbot.core               Triggering callback_presence on ChatRoom.
2021-10-01 20:44:24,024 DEBUG    errbot.core               Triggering callback_presence on Utils.
2021-10-01 20:44:24,024 DEBUG    errbot.core               Triggering callback_presence on Example.
2021-10-01 20:44:24,024 DEBUG    errbot.backends.text      Trigger disconnect callback
2021-10-01 20:44:24,024 INFO     errbot.core               Disconnect callback, deactivating all the plugins.
2021-10-01 20:44:24,024 DEBUG    errbot.storage            Closed storage 'ACLs'
2021-10-01 20:44:24,024 DEBUG    errbot.core               Removing command filter: acls
2021-10-01 20:44:24,025 DEBUG    errbot.storage            Closed storage 'Flows'
2021-10-01 20:44:24,025 DEBUG    errbot.storage            Closed storage 'CommandNotFoundFilter'
2021-10-01 20:44:24,025 DEBUG    errbot.core               Removing command filter: cnf_filter
2021-10-01 20:44:24,026 DEBUG    errbot.storage            Closed storage 'Health'
2021-10-01 20:44:24,026 DEBUG    errbot.storage            Closed storage 'Backup'
2021-10-01 20:44:24,027 DEBUG    errbot.storage            Closed storage 'TextCmds'
2021-10-01 20:44:24,028 DEBUG    errbot.storage            Closed storage 'Plugins'
2021-10-01 20:44:24,028 DEBUG    errbot.storage            Closed storage 'Help'
2021-10-01 20:44:24,029 DEBUG    errbot.storage            Closed storage 'ChatRoom'
2021-10-01 20:44:24,029 DEBUG    errbot.storage            Closed storage 'Utils'
2021-10-01 20:44:24,030 DEBUG    errbot.storage            Closed storage 'Example'
2021-10-01 20:44:24,030 DEBUG    errbot.backends.text      Trigger shutdown
2021-10-01 20:44:24,030 DEBUG    errbot.storage            Closed storage 'text_backend'
2021-10-01 20:44:24,030 INFO     errbot.plugin_manager     Shutdown.
2021-10-01 20:44:24,031 DEBUG    errbot.storage            Closed storage 'core'
2021-10-01 20:44:24,031 INFO     errbot.plugin_manager     Bye.
2021-10-01 20:44:24,031 DEBUG    errbot.storage            Closed storage 'repomgr'
2021-10-01 20:44:24,031 INFO     errbot.cli                Process exiting
